<?xml version="1.0" encoding="UTF-8"?>
<!-- Generated by org.testng.reporters.JUnitReportReporter -->
<testsuite hostname="DESKTOP-1MUCPAJ" failures="0" tests="1" name="com.walmart.testcases.PersonalsettingTest" time="0.000" errors="0" timestamp="04 Feb 2021 22:14:40 GMT" skipped="1">
  <testcase classname="com.walmart.testcases.PersonalsettingTest" name="PersonalsettingpageTitleTest" time="0.000">
    <skipped/>
  </testcase> <!-- PersonalsettingpageTitleTest -->
</testsuite> <!-- com.walmart.testcases.PersonalsettingTest -->
